<component name="ProjectRunConfigurationManager">
  <configuration default="false" name="JUnit_Failed_and_Ignored" type="JUnit" factoryName="JUnit">
    <module name="test_on_mvn" />
    <option name="PACKAGE_NAME" value="" />
    <option name="MAIN_CLASS_NAME" value="JUnit2_Failed_and_Ignored" />
    <option name="METHOD_NAME" value="" />
    <option name="TEST_OBJECT" value="class" />
    <method v="2">
      <option name="Make" enabled="true" />
    </method>
  </configuration>
</component>