<component name="ProjectRunConfigurationManager">
  <configuration default="false" name="Junit5_many_test_methods" type="JUnit" factoryName="JUnit" nameIsGenerated="true">
    <module name="test_on_mvn" />
    <option name="PACKAGE_NAME" value="" />
    <option name="MAIN_CLASS_NAME" value="Junit5_many_test_methods" />
    <option name="METHOD_NAME" value="" />
    <option name="TEST_OBJECT" value="class" />
    <method v="2">
      <option name="Make" enabled="true" />
    </method>
  </configuration>
</component>